<?xml version="1.0" encoding="UTF-8"?>
<testsuite name="virtualPetTest" tests="3" skipped="0" failures="0" errors="0" timestamp="2020-12-02T20:15:29" hostname="UNIT2020-25" time="0.005">
  <properties/>
  <testcase name="whatDoesMyVirtualPetEat" classname="virtualPetTest" time="0.003"/>
  <testcase name="isMyVirtualPetBored" classname="virtualPetTest" time="0.0"/>
  <testcase name="isTheVirtualPetHungry" classname="virtualPetTest" time="0.0"/>
  <system-out><![CDATA[]]></system-out>
  <system-err><![CDATA[]]></system-err>
</testsuite>
